<?xml version="1.0" encoding="UTF-8"?>
<testsuite name="com.example.HelmChartDemoApplicationTests" tests="1" skipped="0" failures="0" errors="0" timestamp="2023-08-16T12:46:37" hostname="fedora" time="0.243">
  <properties/>
  <testcase name="contextLoads()" classname="com.example.HelmChartDemoApplicationTests" time="0.243"/>
  <system-out><![CDATA[14:46:36.454 [Test worker] DEBUG org.springframework.test.context.BootstrapUtils - Instantiating CacheAwareContextLoaderDelegate from class [org.springframework.test.context.cache.DefaultCacheAwareContextLoaderDelegate]
14:46:36.461 [Test worker] DEBUG org.springframework.test.context.BootstrapUtils - Instantiating BootstrapContext using constructor [public org.springframework.test.context.support.DefaultBootstrapContext(java.lang.Class,org.springframework.test.context.CacheAwareContextLoaderDelegate)]
14:46:36.482 [Test worker] DEBUG org.springframework.test.context.BootstrapUtils - Instantiating TestContextBootstrapper for test class [com.example.HelmChartDemoApplicationTests] from class [org.springframework.boot.test.context.SpringBootTestContextBootstrapper]
14:46:36.489 [Test worker] INFO org.springframework.boot.test.context.SpringBootTestContextBootstrapper - Neither @ContextConfiguration nor @ContextHierarchy found for test class [com.example.HelmChartDemoApplicationTests], using SpringBootContextLoader
14:46:36.491 [Test worker] DEBUG org.springframework.test.context.support.AbstractContextLoader - Did not detect default resource location for test class [com.example.HelmChartDemoApplicationTests]: class path resource [com/example/HelmChartDemoApplicationTests-context.xml] does not exist
14:46:36.491 [Test worker] DEBUG org.springframework.test.context.support.AbstractContextLoader - Did not detect default resource location for test class [com.example.HelmChartDemoApplicationTests]: class path resource [com/example/HelmChartDemoApplicationTestsContext.groovy] does not exist
14:46:36.491 [Test worker] INFO org.springframework.test.context.support.AbstractContextLoader - Could not detect default resource locations for test class [com.example.HelmChartDemoApplicationTests]: no resource found for suffixes {-context.xml, Context.groovy}.
14:46:36.492 [Test worker] INFO org.springframework.test.context.support.AnnotationConfigContextLoaderUtils - Could not detect default configuration classes for test class [com.example.HelmChartDemoApplicationTests]: HelmChartDemoApplicationTests does not declare any static, non-private, non-final, nested classes annotated with @Configuration.
14:46:36.515 [Test worker] DEBUG org.springframework.test.context.support.ActiveProfilesUtils - Could not find an 'annotation declaring class' for annotation type [org.springframework.test.context.ActiveProfiles] and class [com.example.HelmChartDemoApplicationTests]
14:46:36.557 [Test worker] DEBUG org.springframework.context.annotation.ClassPathScanningCandidateComponentProvider - Identified candidate component class: file [/home/francesco/git/masterspringboot/helm/helm-chart-demo-master/build/classes/java/main/com/example/HelmChartDemoApplication.class]
14:46:36.558 [Test worker] INFO org.springframework.boot.test.context.SpringBootTestContextBootstrapper - Found @SpringBootConfiguration com.example.HelmChartDemoApplication for test class com.example.HelmChartDemoApplicationTests
14:46:36.612 [Test worker] DEBUG org.springframework.boot.test.context.SpringBootTestContextBootstrapper - @TestExecutionListeners is not present for class [com.example.HelmChartDemoApplicationTests]: using defaults.
14:46:36.612 [Test worker] INFO org.springframework.boot.test.context.SpringBootTestContextBootstrapper - Loaded default TestExecutionListener class names from location [META-INF/spring.factories]: [org.springframework.boot.test.autoconfigure.restdocs.RestDocsTestExecutionListener, org.springframework.boot.test.autoconfigure.web.client.MockRestServiceServerResetTestExecutionListener, org.springframework.boot.test.autoconfigure.web.servlet.MockMvcPrintOnlyOnFailureTestExecutionListener, org.springframework.boot.test.autoconfigure.web.servlet.WebDriverTestExecutionListener, org.springframework.boot.test.autoconfigure.webservices.client.MockWebServiceServerTestExecutionListener, org.springframework.boot.test.mock.mockito.MockitoTestExecutionListener, org.springframework.boot.test.mock.mockito.ResetMocksTestExecutionListener, org.springframework.test.context.web.ServletTestExecutionListener, org.springframework.test.context.support.DirtiesContextBeforeModesTestExecutionListener, org.springframework.test.context.event.ApplicationEventsTestExecutionListener, org.springframework.test.context.support.DependencyInjectionTestExecutionListener, org.springframework.test.context.support.DirtiesContextTestExecutionListener, org.springframework.test.context.transaction.TransactionalTestExecutionListener, org.springframework.test.context.jdbc.SqlScriptsTestExecutionListener, org.springframework.test.context.event.EventPublishingTestExecutionListener]
14:46:36.618 [Test worker] DEBUG org.springframework.boot.test.context.SpringBootTestContextBootstrapper - Skipping candidate TestExecutionListener [org.springframework.test.context.transaction.TransactionalTestExecutionListener] due to a missing dependency. Specify custom listener classes or make the default listener classes and their required dependencies available. Offending class: [org/springframework/transaction/interceptor/TransactionAttributeSource]
14:46:36.619 [Test worker] DEBUG org.springframework.boot.test.context.SpringBootTestContextBootstrapper - Skipping candidate TestExecutionListener [org.springframework.test.context.jdbc.SqlScriptsTestExecutionListener] due to a missing dependency. Specify custom listener classes or make the default listener classes and their required dependencies available. Offending class: [org/springframework/transaction/interceptor/TransactionAttribute]
14:46:36.619 [Test worker] INFO org.springframework.boot.test.context.SpringBootTestContextBootstrapper - Using TestExecutionListeners: [org.springframework.test.context.web.ServletTestExecutionListener@52764340, org.springframework.test.context.support.DirtiesContextBeforeModesTestExecutionListener@87ee9b4, org.springframework.test.context.event.ApplicationEventsTestExecutionListener@7a04ee8d, org.springframework.boot.test.mock.mockito.MockitoTestExecutionListener@262cade4, org.springframework.boot.test.autoconfigure.SpringBootDependencyInjectionTestExecutionListener@46208622, org.springframework.test.context.support.DirtiesContextTestExecutionListener@39ecf41b, org.springframework.test.context.event.EventPublishingTestExecutionListener@6441152d, org.springframework.boot.test.autoconfigure.restdocs.RestDocsTestExecutionListener@2741d7cc, org.springframework.boot.test.autoconfigure.web.client.MockRestServiceServerResetTestExecutionListener@65125490, org.springframework.boot.test.autoconfigure.web.servlet.MockMvcPrintOnlyOnFailureTestExecutionListener@3b803805, org.springframework.boot.test.autoconfigure.web.servlet.WebDriverTestExecutionListener@5704ba25, org.springframework.boot.test.autoconfigure.webservices.client.MockWebServiceServerTestExecutionListener@7ed2e8be, org.springframework.boot.test.mock.mockito.ResetMocksTestExecutionListener@9939520]
14:46:36.621 [Test worker] DEBUG org.springframework.test.context.support.AbstractDirtiesContextTestExecutionListener - Before test class: context [DefaultTestContext@23029c4e testClass = HelmChartDemoApplicationTests, testInstance = [null], testMethod = [null], testException = [null], mergedContextConfiguration = [WebMergedContextConfiguration@32f900d2 testClass = HelmChartDemoApplicationTests, locations = '{}', classes = '{class com.example.HelmChartDemoApplication}', contextInitializerClasses = '[]', activeProfiles = '{}', propertySourceLocations = '{}', propertySourceProperties = '{org.springframework.boot.test.context.SpringBootTestContextBootstrapper=true}', contextCustomizers = set[org.springframework.boot.test.autoconfigure.actuate.metrics.MetricsExportContextCustomizerFactory$DisableMetricExportContextCustomizer@45bfb65e, org.springframework.boot.test.autoconfigure.properties.PropertyMappingContextCustomizer@0, org.springframework.boot.test.autoconfigure.web.servlet.WebDriverContextCustomizerFactory$Customizer@ad26f70, org.springframework.boot.test.context.filter.ExcludeFilterContextCustomizer@1834a48b, org.springframework.boot.test.json.DuplicateJsonObjectContextCustomizerFactory$DuplicateJsonObjectContextCustomizer@6d647e42, org.springframework.boot.test.mock.mockito.MockitoContextCustomizer@0, org.springframework.boot.test.web.client.TestRestTemplateContextCustomizer@40785613, org.springframework.boot.test.context.SpringBootTestArgs@1, org.springframework.boot.test.context.SpringBootTestWebEnvironment@2998a711], resourceBasePath = 'src/main/webapp', contextLoader = 'org.springframework.boot.test.context.SpringBootContextLoader', parent = [null]], attributes = map['org.springframework.test.context.web.ServletTestExecutionListener.activateListener' -> true]], class annotated with @DirtiesContext [false] with mode [null].

  .   ____          _            __ _ _
 /\\ / ___'_ __ _ _(_)_ __  __ _ \ \ \ \
( ( )\___ | '_ | '_| | '_ \/ _` | \ \ \ \
 \\/  ___)| |_)| | | | | || (_| |  ) ) ) )
  '  |____| .__|_| |_|_| |_\__, | / / / /
 =========|_|==============|___/=/_/_/_/
 :: Spring Boot ::                (v2.7.3)

2023-08-16 14:46:36.816  INFO 60678 --- [    Test worker] c.example.HelmChartDemoApplicationTests  : Starting HelmChartDemoApplicationTests using Java 17.0.2 on fedora with PID 60678 (started by francesco in /home/francesco/git/masterspringboot/helm/helm-chart-demo-master)
2023-08-16 14:46:36.817  INFO 60678 --- [    Test worker] c.example.HelmChartDemoApplicationTests  : No active profile set, falling back to 1 default profile: "default"
2023-08-16 14:46:37.689  INFO 60678 --- [    Test worker] c.example.HelmChartDemoApplicationTests  : Started HelmChartDemoApplicationTests in 1.046 seconds (JVM running for 1.696)
]]></system-out>
  <system-err><![CDATA[]]></system-err>
</testsuite>
